#
# A fatal error has been detected by the Java Runtime Environment:
#
#  EXCEPTION_ACCESS_VIOLATION (0xc0000005) at pc=0x0000000062bf1cd0, pid=3156, tid=0x0000000000002298
#
# JRE version: Java(TM) SE Runtime Environment (8.0_144-b01) (build 1.8.0_144-b01)
# Java VM: Java HotSpot(TM) 64-Bit Server VM (25.144-b01 mixed mode windows-amd64 compressed oops)
# Problematic frame:
# C  [awt.dll+0x91cd0]
#
# Failed to write core dump. Minidumps are not enabled by default on client versions of Windows
#
# If you would like to submit a bug report, please visit:
#   http://bugreport.java.com/bugreport/crash.jsp
# The crash happened outside the Java Virtual Machine in native code.
# See problematic frame for where to report the bug.
#

---------------  T H R E A D  ---------------

Current thread (0x000000001b5ea000):  JavaThread "AWT-Windows" daemon [_thread_in_native, id=8856, stack(0x000000001bb50000,0x000000001bc50000)]

siginfo: ExceptionCode=0xc0000005, reading address 0xffffffffffffffff

Registers:
RAX=0x75aa57fbffff000e, RBX=0x0000000000000000, RCX=0x000000001ac005f0, RDX=0x0000000062c49b60
RSP=0x000000001bc4ed00, RBP=0x000000001bc4edb9, RSI=0x0000000000000111, RDI=0x000000001b5ea1f8
R8 =0x0000000000000000, R9 =0x0000000000000000, R10=0x0000000062c67df8, R11=0x0000000000000001
R12=0x000000001c9576f0, R13=0x000000000000010d, R14=0x0000000000000704, R15=0x0000000000000000
RIP=0x0000000062bf1cd0, EFLAGS=0x0000000000010206

Top of Stack: (sp=0x000000001bc4ed00)
0x000000001bc4ed00:   0000000000000000 0000000000000000
0x000000001bc4ed10:   000000000000c1ef 00000000000916d0
0x000000001bc4ed20:   000000001c957778 0000000062bf4095
0x000000001bc4ed30:   000000001c957778 0000000000000111
0x000000001bc4ed40:   00000000000916d0 000000000000c1ef
0x000000001bc4ed50:   0000000000000000 0000000000000000
0x000000001bc4ed60:   0000000000000000 ffffffff00000000
0x000000001bc4ed70:   0000000000000000 0000000062b750c8
0x000000001bc4ed80:   0000000000000001 0000000000000000
0x000000001bc4ed90:   000000000000c1ef 000000001b5ea1f8
0x000000001bc4eda0:   fffffffffffffffe 000000001c957778
0x000000001bc4edb0:   fffffffffffffffe 0000000000000000
0x000000001bc4edc0:   0000daa4e5c25720 00007fffc242f27d
0x000000001bc4edd0:   000000001bc4eef0 0000000000000000
0x000000001bc4ede0:   0000000000000000 0000000000000111
0x000000001bc4edf0:   0000000000000704 0000000000000704 

Instructions: (pc=0x0000000062bf1cd0)
0x0000000062bf1cb0:   75 23 48 8d 0d b7 c4 0b 00 e8 62 8a 03 00 48 8b
0x0000000062bf1cc0:   c8 48 85 c0 75 07 b8 02 00 00 00 eb 29 48 8b 00
0x0000000062bf1cd0:   ff 50 10 eb f1 49 8b c8 e8 cb e9 ff ff 48 85 c0
0x0000000062bf1ce0:   74 0f 4c 8b 00 8b d3 48 8b c8 41 ff 90 98 02 00 


Register to memory mapping:

RAX=0x75aa57fbffff000e is an unknown value
RBX=0x0000000000000000 is an unknown value
RCX=0x000000001ac005f0 is an unknown value
RDX=0x0000000062c49b60 is an unknown value
RSP=0x000000001bc4ed00 is pointing into the stack for thread: 0x000000001b5ea000
RBP=0x000000001bc4edb9 is pointing into the stack for thread: 0x000000001b5ea000
RSI=0x0000000000000111 is an unknown value
RDI=0x000000001b5ea1f8 is an unknown value
R8 =0x0000000000000000 is an unknown value
R9 =0x0000000000000000 is an unknown value
R10=0x0000000062c67df8 is an unknown value
R11=0x0000000000000001 is an unknown value
R12=0x000000001c9576f0 is an unknown value
R13=0x000000000000010d is an unknown value
R14=0x0000000000000704 is an unknown value
R15=0x0000000000000000 is an unknown value


Stack: [0x000000001bb50000,0x000000001bc50000],  sp=0x000000001bc4ed00,  free space=1019k
Native frames: (J=compiled Java code, j=interpreted, Vv=VM code, C=native code)
C  [awt.dll+0x91cd0]
C  [awt.dll+0x94095]
C  [awt.dll+0xd3b25]
C  [awt.dll+0xa7c73]
C  [awt.dll+0x9077a]
C  [USER32.dll+0xb85d]
C  [USER32.dll+0xb40b]
C  [awt.dll+0x150c8]
C  [COMCTL32.dll+0x2f0ee]
C  [COMCTL32.dll+0x2ef32]
C  [USER32.dll+0xb85d]
C  [USER32.dll+0xb1ef]
C  [awt.dll+0xcc6fc]
C  [awt.dll+0xcc9ab]
C  0x0000000004727f74

Java frames: (J=compiled Java code, j=interpreted, Vv=VM code)
j  sun.awt.windows.WToolkit.eventLoop()V+0
j  sun.awt.windows.WToolkit.run()V+58
j  java.lang.Thread.run()V+11
v  ~StubRoutines::call_stub

---------------  P R O C E S S  ---------------

Java Threads: ( => current thread )
  0x0000000004617000 JavaThread "DestroyJavaVM" [_thread_blocked, id=15144, stack(0x0000000004510000,0x0000000004610000)]
  0x000000001b63f000 JavaThread "AWT-EventQueue-0" [_thread_blocked, id=6208, stack(0x000000001c580000,0x000000001c680000)]
=>0x000000001b5ea000 JavaThread "AWT-Windows" daemon [_thread_in_native, id=8856, stack(0x000000001bb50000,0x000000001bc50000)]
  0x000000001b5e7000 JavaThread "AWT-Shutdown" [_thread_blocked, id=8580, stack(0x000000001ba50000,0x000000001bb50000)]
  0x000000001b5e6800 JavaThread "Java2D Disposer" daemon [_thread_blocked, id=3352, stack(0x000000001b950000,0x000000001ba50000)]
  0x000000001aa20800 JavaThread "Service Thread" daemon [_thread_blocked, id=9104, stack(0x000000001adf0000,0x000000001aef0000)]
  0x0000000019093800 JavaThread "C1 CompilerThread2" daemon [_thread_blocked, id=9624, stack(0x000000001a8f0000,0x000000001a9f0000)]
  0x000000001908c800 JavaThread "C2 CompilerThread1" daemon [_thread_blocked, id=9680, stack(0x000000001a7f0000,0x000000001a8f0000)]
  0x000000001908a000 JavaThread "C2 CompilerThread0" daemon [_thread_blocked, id=160, stack(0x000000001a6f0000,0x000000001a7f0000)]
  0x0000000019087000 JavaThread "Attach Listener" daemon [_thread_blocked, id=5192, stack(0x000000001a5f0000,0x000000001a6f0000)]
  0x0000000019085800 JavaThread "Signal Dispatcher" daemon [_thread_blocked, id=13484, stack(0x000000001a4f0000,0x000000001a5f0000)]
  0x000000000470e800 JavaThread "Finalizer" daemon [_thread_blocked, id=14460, stack(0x000000001a2e0000,0x000000001a3e0000)]
  0x0000000004709000 JavaThread "Reference Handler" daemon [_thread_blocked, id=15044, stack(0x000000001a1e0000,0x000000001a2e0000)]

Other Threads:
  0x0000000019047000 VMThread [stack: 0x000000001a0e0000,0x000000001a1e0000] [id=13376]
  0x000000001aa8f800 WatcherThread [stack: 0x000000001b050000,0x000000001b150000] [id=12716]

VM state:not at safepoint (normal execution)

VM Mutex/Monitor currently owned by a thread: None

Heap:
 PSYoungGen      total 36864K, used 7446K [0x00000000d6e00000, 0x00000000d9700000, 0x0000000100000000)
  eden space 31744K, 11% used [0x00000000d6e00000,0x00000000d71b4990,0x00000000d8d00000)
  from space 5120K, 71% used [0x00000000d8d00000,0x00000000d9091140,0x00000000d9200000)
  to   space 5120K, 0% used [0x00000000d9200000,0x00000000d9200000,0x00000000d9700000)
 ParOldGen       total 84992K, used 16K [0x0000000084a00000, 0x0000000089d00000, 0x00000000d6e00000)
  object space 84992K, 0% used [0x0000000084a00000,0x0000000084a04000,0x0000000089d00000)
 Metaspace       used 14729K, capacity 14938K, committed 15232K, reserved 1062912K
  class space    used 1989K, capacity 2098K, committed 2176K, reserved 1048576K

Card table byte_map: [0x0000000013ad0000,0x0000000013eb0000] byte_map_base: 0x00000000136ab000

Marking Bits: (ParMarkBitMap*) 0x00000000636dd850
 Begin Bits: [0x0000000014550000, 0x0000000016428000)
 End Bits:   [0x0000000016428000, 0x0000000018300000)

Polling page: 0x0000000002b30000

CodeCache: size=245760Kb used=4336Kb max_used=4336Kb free=241423Kb
 bounds [0x0000000004710000, 0x0000000004b50000, 0x0000000013710000]
 total_blobs=1656 nmethods=1169 adapters=400
 compilation: enabled

Compilation events (10 events):
Event: 17059.743 Thread 0x0000000019093800 1165       3       jdk.internal.org.objectweb.asm.AnnotationWriter::visitEnd (43 bytes)
Event: 17059.743 Thread 0x0000000019093800 nmethod 1165 0x0000000004b46e90 code [0x0000000004b47000, 0x0000000004b471f0]
Event: 17059.744 Thread 0x0000000019093800 1166       3       sun.invoke.util.BytecodeDescriptor::unparseSig (75 bytes)
Event: 17059.746 Thread 0x0000000019093800 nmethod 1166 0x0000000004b47310 code [0x0000000004b47600, 0x0000000004b48dd8]
Event: 17059.746 Thread 0x0000000019093800 1168       3       sun.invoke.util.VerifyAccess::isTypeVisible (118 bytes)
Event: 17059.749 Thread 0x0000000019093800 nmethod 1168 0x0000000004b49c50 code [0x0000000004b49fa0, 0x0000000004b4bed8]
Event: 17059.749 Thread 0x0000000019093800 1169       3       java.beans.PropertyChangeSupport::firePropertyChange (35 bytes)
Event: 17059.750 Thread 0x0000000019093800 nmethod 1169 0x0000000004b4cc90 code [0x0000000004b4ce40, 0x0000000004b4d4e8]
Event: 17059.750 Thread 0x0000000019093800 1167       3       jdk.internal.org.objectweb.asm.MethodWriter::visitAnnotation (82 bytes)
Event: 17059.750 Thread 0x0000000019093800 nmethod 1167 0x0000000004b4d7d0 code [0x0000000004b4d9a0, 0x0000000004b4e078]

GC Heap History (2 events):
Event: 0.992 GC heap before
{Heap before GC invocations=1 (full 0):
 PSYoungGen      total 36864K, used 31744K [0x00000000d6e00000, 0x00000000d9700000, 0x0000000100000000)
  eden space 31744K, 100% used [0x00000000d6e00000,0x00000000d8d00000,0x00000000d8d00000)
  from space 5120K, 0% used [0x00000000d9200000,0x00000000d9200000,0x00000000d9700000)
  to   space 5120K, 0% used [0x00000000d8d00000,0x00000000d8d00000,0x00000000d9200000)
 ParOldGen       total 84992K, used 0K [0x0000000084a00000, 0x0000000089d00000, 0x00000000d6e00000)
  object space 84992K, 0% used [0x0000000084a00000,0x0000000084a00000,0x0000000089d00000)
 Metaspace       used 14294K, capacity 14540K, committed 14848K, reserved 1062912K
  class space    used 1937K, capacity 2031K, committed 2048K, reserved 1048576K
Event: 0.999 GC heap after
Heap after GC invocations=1 (full 0):
 PSYoungGen      total 36864K, used 3652K [0x00000000d6e00000, 0x00000000d9700000, 0x0000000100000000)
  eden space 31744K, 0% used [0x00000000d6e00000,0x00000000d6e00000,0x00000000d8d00000)
  from space 5120K, 71% used [0x00000000d8d00000,0x00000000d9091140,0x00000000d9200000)
  to   space 5120K, 0% used [0x00000000d9200000,0x00000000d9200000,0x00000000d9700000)
 ParOldGen       total 84992K, used 16K [0x0000000084a00000, 0x0000000089d00000, 0x00000000d6e00000)
  object space 84992K, 0% used [0x0000000084a00000,0x0000000084a04000,0x0000000089d00000)
 Metaspace       used 14294K, capacity 14540K, committed 14848K, reserved 1062912K
  class space    used 1937K, capacity 2031K, committed 2048K, reserved 1048576K
}

Deoptimization events (9 events):
Event: 0.197 Thread 0x0000000004617000 Uncommon trap: reason=unstable_if action=reinterpret pc=0x000000000481e524 method=java.lang.String.hashCode()I @ 14
Event: 0.465 Thread 0x000000001b63f000 Uncommon trap: reason=unstable_if action=reinterpret pc=0x000000000493f5dc method=java.util.HashMap.putVal(ILjava/lang/Object;Ljava/lang/Object;ZZ)Ljava/lang/Object; @ 109
Event: 0.483 Thread 0x000000001b63f000 Uncommon trap: reason=unstable_if action=reinterpret pc=0x000000000493b344 method=java.util.HashMap.getNode(ILjava/lang/Object;)Ljava/util/HashMap$Node; @ 84
Event: 0.641 Thread 0x000000001b63f000 Uncommon trap: reason=unstable_if action=reinterpret pc=0x000000000494dd10 method=java.util.HashMap.putVal(ILjava/lang/Object;Ljava/lang/Object;ZZ)Ljava/lang/Object; @ 206
Event: 0.893 Thread 0x000000001b63f000 Uncommon trap: reason=class_check action=maybe_recompile pc=0x00000000048299b0 method=java.lang.String.equals(Ljava/lang/Object;)Z @ 8
Event: 0.900 Thread 0x000000001b63f000 Uncommon trap: reason=class_check action=maybe_recompile pc=0x00000000048299b0 method=java.lang.String.equals(Ljava/lang/Object;)Z @ 8
Event: 0.942 Thread 0x000000001b63f000 Uncommon trap: reason=class_check action=maybe_recompile pc=0x00000000048299b0 method=java.lang.String.equals(Ljava/lang/Object;)Z @ 8
Event: 0.948 Thread 0x000000001b63f000 Uncommon trap: reason=class_check action=maybe_recompile pc=0x00000000048299b0 method=java.lang.String.equals(Ljava/lang/Object;)Z @ 8
Event: 1.006 Thread 0x000000001b63f000 Uncommon trap: reason=unstable_if action=reinterpret pc=0x0000000004ab5078 method=java.awt.MultipleGradientPaintContext.indexIntoGradientsArrays(F)I @ 93

Internal exceptions (10 events):
Event: 0.752 Thread 0x000000001b63f000 Exception <a 'java/lang/ClassNotFoundException': java/lang/ObjectCustomizer> (0x00000000d87d3920) thrown at [C:\re\workspace\8-2-build-windows-amd64-cygwin\jdk8u144\9417\hotspot\src\share\vm\classfile\systemDictionary.cpp, line 210]
Event: 0.753 Thread 0x000000001b63f000 Exception <a 'java/lang/ClassNotFoundException': java/awt/ComponentCustomizer> (0x00000000d87e0250) thrown at [C:\re\workspace\8-2-build-windows-amd64-cygwin\jdk8u144\9417\hotspot\src\share\vm\classfile\systemDictionary.cpp, line 210]
Event: 0.756 Thread 0x000000001b63f000 Exception <a 'java/lang/ClassNotFoundException': java/awt/ContainerCustomizer> (0x00000000d8873ad8) thrown at [C:\re\workspace\8-2-build-windows-amd64-cygwin\jdk8u144\9417\hotspot\src\share\vm\classfile\systemDictionary.cpp, line 210]
Event: 0.760 Thread 0x000000001b63f000 Exception <a 'java/lang/ClassNotFoundException': java/awt/WindowCustomizer> (0x00000000d88bff80) thrown at [C:\re\workspace\8-2-build-windows-amd64-cygwin\jdk8u144\9417\hotspot\src\share\vm\classfile\systemDictionary.cpp, line 210]
Event: 0.763 Thread 0x000000001b63f000 Exception <a 'java/lang/ClassNotFoundException': java/awt/DialogCustomizer> (0x00000000d892b690) thrown at [C:\re\workspace\8-2-build-windows-amd64-cygwin\jdk8u144\9417\hotspot\src\share\vm\classfile\systemDictionary.cpp, line 210]
Event: 0.764 Thread 0x000000001b63f000 Exception <a 'java/lang/ClassNotFoundException': javax/swing/JDialogCustomizer> (0x00000000d895b538) thrown at [C:\re\workspace\8-2-build-windows-amd64-cygwin\jdk8u144\9417\hotspot\src\share\vm\classfile\systemDictionary.cpp, line 210]
Event: 0.766 Thread 0x000000001b63f000 Exception <a 'java/lang/ClassNotFoundException': Vista/Dialogs/PreciosProductosCustomizer> (0x00000000d8996f78) thrown at [C:\re\workspace\8-2-build-windows-amd64-cygwin\jdk8u144\9417\hotspot\src\share\vm\classfile\systemDictionary.cpp, line 210]
Event: 0.938 Thread 0x000000001b63f000 Exception <a 'java/lang/NullPointerException'> (0x00000000d8ae9eb0) thrown at [C:\re\workspace\8-2-build-windows-amd64-cygwin\jdk8u144\9417\hotspot\src\share\vm\interpreter\linkResolver.cpp, line 1299]
Event: 0.939 Thread 0x000000001b63f000 Exception <a 'java/lang/NullPointerException'> (0x00000000d8aea9f0) thrown at [C:\re\workspace\8-2-build-windows-amd64-cygwin\jdk8u144\9417\hotspot\src\share\vm\interpreter\linkResolver.cpp, line 1299]
Event: 1.010 Thread 0x000000001c934000 Exception <a 'java/lang/NullPointerException'> (0x00000000d6e47010) thrown at [C:\re\workspace\8-2-build-windows-amd64-cygwin\jdk8u144\9417\hotspot\src\share\vm\interpreter\linkResolver.cpp, line 1197]

Events (10 events):
Event: 11622.781 loading class java/awt/Window$1DisposeAction
Event: 11622.782 loading class java/awt/Window$1DisposeAction done
Event: 11622.782 loading class java/awt/KeyboardFocusManager$2
Event: 11622.783 loading class java/awt/KeyboardFocusManager$2 done
Event: 11622.783 loading class sun/awt/SunToolkit$1
Event: 11622.784 loading class sun/awt/SunToolkit$1 done
Event: 11622.821 loading class javax/swing/Autoscroller
Event: 11622.821 loading class javax/swing/Autoscroller done
Event: 11622.831 loading class java/awt/LightweightDispatcher$2
Event: 11622.832 loading class java/awt/LightweightDispatcher$2 done


Dynamic libraries:
0x00007ff79f910000 - 0x00007ff79f947000 	C:\Program Files\Java\jdk1.8.0_144\bin\java.exe
0x00007fffd0ad0000 - 0x00007fffd0cb0000 	C:\WINDOWS\SYSTEM32\ntdll.dll
0x00007fffd05e0000 - 0x00007fffd068e000 	C:\WINDOWS\System32\KERNEL32.DLL
0x00007fffcd920000 - 0x00007fffcdb86000 	C:\WINDOWS\System32\KERNELBASE.dll
0x00007fffce5e0000 - 0x00007fffce681000 	C:\WINDOWS\System32\ADVAPI32.dll
0x00007fffcecd0000 - 0x00007fffced6d000 	C:\WINDOWS\System32\msvcrt.dll
0x00007fffd09b0000 - 0x00007fffd0a0b000 	C:\WINDOWS\System32\sechost.dll
0x00007fffced70000 - 0x00007fffcee8f000 	C:\WINDOWS\System32\RPCRT4.dll
0x00007fffd07c0000 - 0x00007fffd094f000 	C:\WINDOWS\System32\USER32.dll
0x00007fffcd800000 - 0x00007fffcd820000 	C:\WINDOWS\System32\win32u.dll
0x00007fffce840000 - 0x00007fffce868000 	C:\WINDOWS\System32\GDI32.dll
0x00007fffcde00000 - 0x00007fffcdf93000 	C:\WINDOWS\System32\gdi32full.dll
0x00007fffcdd60000 - 0x00007fffcddfb000 	C:\WINDOWS\System32\msvcp_win.dll
0x00007fffcd700000 - 0x00007fffcd7f6000 	C:\WINDOWS\System32\ucrtbase.dll
0x00007fffc2400000 - 0x00007fffc2669000 	C:\WINDOWS\WinSxS\amd64_microsoft.windows.common-controls_6595b64144ccf1df_6.0.16299.125_none_15cbcf8893620c09\COMCTL32.dll
0x00007fffcdfa0000 - 0x00007fffce2a8000 	C:\WINDOWS\System32\combase.dll
0x00007fffcced0000 - 0x00007fffccf42000 	C:\WINDOWS\System32\bcryptPrimitives.dll
0x00007fffce7a0000 - 0x00007fffce7cd000 	C:\WINDOWS\System32\IMM32.DLL
0x0000000062de0000 - 0x0000000062eb2000 	C:\Program Files\Java\jdk1.8.0_144\jre\bin\msvcr100.dll
0x0000000062ec0000 - 0x000000006375d000 	C:\Program Files\Java\jdk1.8.0_144\jre\bin\server\jvm.dll
0x00007fffce870000 - 0x00007fffce878000 	C:\WINDOWS\System32\PSAPI.DLL
0x00007fffc58e0000 - 0x00007fffc58e9000 	C:\WINDOWS\SYSTEM32\WSOCK32.dll
0x00007fffc8790000 - 0x00007fffc879a000 	C:\WINDOWS\SYSTEM32\VERSION.dll
0x00007fffd0a10000 - 0x00007fffd0a7c000 	C:\WINDOWS\System32\WS2_32.dll
0x00007fffc9fb0000 - 0x00007fffc9fd3000 	C:\WINDOWS\SYSTEM32\WINMM.dll
0x00007fffc9f50000 - 0x00007fffc9f7a000 	C:\WINDOWS\SYSTEM32\WINMMBASE.dll
0x00007fffcd8d0000 - 0x00007fffcd91a000 	C:\WINDOWS\System32\cfgmgr32.dll
0x0000000062d90000 - 0x0000000062d9f000 	C:\Program Files\Java\jdk1.8.0_144\jre\bin\verify.dll
0x0000000062d60000 - 0x0000000062d89000 	C:\Program Files\Java\jdk1.8.0_144\jre\bin\java.dll
0x0000000062d40000 - 0x0000000062d56000 	C:\Program Files\Java\jdk1.8.0_144\jre\bin\zip.dll
0x00007fffcf1a0000 - 0x00007fffd05d6000 	C:\WINDOWS\System32\SHELL32.dll
0x00007fffd0710000 - 0x00007fffd07b6000 	C:\WINDOWS\System32\shcore.dll
0x00007fffccfb0000 - 0x00007fffcd6f7000 	C:\WINDOWS\System32\windows.storage.dll
0x00007fffd0950000 - 0x00007fffd09a1000 	C:\WINDOWS\System32\shlwapi.dll
0x00007fffcceb0000 - 0x00007fffccec1000 	C:\WINDOWS\System32\kernel.appcore.dll
0x00007fffcce20000 - 0x00007fffcce6c000 	C:\WINDOWS\System32\powrprof.dll
0x00007fffcce70000 - 0x00007fffcce8b000 	C:\WINDOWS\System32\profapi.dll
0x0000000062b60000 - 0x0000000062cf8000 	C:\Program Files\Java\jdk1.8.0_144\jre\bin\awt.dll
0x00007fffcef30000 - 0x00007fffceff5000 	C:\WINDOWS\System32\OLEAUT32.dll
0x00007fffcaec0000 - 0x00007fffcaf48000 	C:\WINDOWS\SYSTEM32\apphelp.dll
0x00007fffcb3a0000 - 0x00007fffcb435000 	C:\WINDOWS\system32\uxtheme.dll
0x00007fffce310000 - 0x00007fffce477000 	C:\WINDOWS\System32\MSCTF.dll
0x00007fffc81f0000 - 0x00007fffc8210000 	C:\Program Files\ESET\ESET NOD32 Antivirus\eplgHooks.dll
0x00007fffcb6b0000 - 0x00007fffcb6da000 	C:\WINDOWS\system32\dwmapi.dll
0x00007fffce490000 - 0x00007fffce5d9000 	C:\WINDOWS\System32\ole32.dll
0x0000000062b10000 - 0x0000000062b57000 	C:\Program Files\Java\jdk1.8.0_144\jre\bin\fontmanager.dll
0x00007fffbcdf0000 - 0x00007fffbcf0e000 	C:\WINDOWS\system32\opengl32.dll
0x00007fffc1780000 - 0x00007fffc17ac000 	C:\WINDOWS\SYSTEM32\GLU32.dll
0x0000000062d20000 - 0x0000000062d3a000 	C:\Program Files\Java\jdk1.8.0_144\jre\bin\net.dll
0x00007fffcc6b0000 - 0x00007fffcc716000 	C:\WINDOWS\system32\mswsock.dll
0x0000000062d00000 - 0x0000000062d11000 	C:\Program Files\Java\jdk1.8.0_144\jre\bin\nio.dll
0x0000000062ac0000 - 0x0000000062b02000 	C:\Program Files\Java\jdk1.8.0_144\jre\bin\t2k.dll
0x00007fffcee90000 - 0x00007fffcef2e000 	C:\WINDOWS\System32\clbcatq.dll
0x00007fffbbf30000 - 0x00007fffbc0db000 	C:\WINDOWS\SYSTEM32\WindowsCodecs.dll
0x00007fffb72e0000 - 0x00007fffb732f000 	C:\WINDOWS\system32\dataexchange.dll
0x00007fffca1f0000 - 0x00007fffca4d1000 	C:\WINDOWS\system32\d3d11.dll
0x00007fffc84e0000 - 0x00007fffc8622000 	C:\WINDOWS\system32\dcomp.dll
0x00007fffcbc40000 - 0x00007fffcbcef000 	C:\WINDOWS\system32\dxgi.dll
0x00007fffcb7a0000 - 0x00007fffcb91b000 	C:\WINDOWS\system32\twinapi.appcore.dll
0x00007fffcb920000 - 0x00007fffcb940000 	C:\WINDOWS\system32\RMCLIENT.dll
0x00007fffcc980000 - 0x00007fffcc9a5000 	C:\WINDOWS\system32\bcrypt.dll
0x00007fffbf610000 - 0x00007fffbf6a8000 	C:\WINDOWS\System32\TextInputFramework.dll
0x00007fffbf320000 - 0x00007fffbf60e000 	C:\WINDOWS\System32\CoreUIComponents.dll
0x00007fffc6620000 - 0x00007fffc66fd000 	C:\WINDOWS\System32\CoreMessaging.dll
0x00007fffcbf10000 - 0x00007fffcbf41000 	C:\WINDOWS\SYSTEM32\ntmarta.dll
0x00007fffcab30000 - 0x00007fffcac66000 	C:\WINDOWS\SYSTEM32\wintypes.dll
0x0000000062a30000 - 0x0000000062a5a000 	C:\Program Files\Java\jdk1.8.0_144\jre\bin\dcpr.dll
0x00007fffc4590000 - 0x00007fffc4758000 	C:\WINDOWS\SYSTEM32\dbghelp.dll

VM Arguments:
jvm_args: -Dfile.encoding=UTF-8 
java_command: Vista.Dialogs.PreciosProductos
java_class_path (initial): C:\Users\USUARIO\Downloads\Codigo Sistema ventas + librerias\Codigo Sistema ventas + librerias\Codigo del proyecto\librerias jxl , jcalendar y mysql-connector-java-5.1.23-bin\mysql-connector-java-5.1.23-bin.jar;C:\Users\USUARIO\Downloads\Codigo Sistema ventas + librerias\Codigo Sistema ventas + librerias\Codigo del proyecto\librerias jxl , jcalendar y mysql-connector-java-5.1.23-bin\jcalendar-1.3.3.jar;C:\Users\USUARIO\Downloads\Codigo Sistema ventas + librerias\Codigo Sistema ventas + librerias\Codigo del proyecto\librerias jxl , jcalendar y mysql-connector-java-5.1.23-bin\jxl.jar;C:\Users\USUARIO\OneDrive\NetBeansProjects\Sofi\src\LibreiasDownLoaded\librerias excel y progress bar\dom4j-1.6.jar;C:\Users\USUARIO\OneDrive\NetBeansProjects\Sofi\src\LibreiasDownLoaded\librerias excel y progress bar\poi-3.7-20101029.jar;C:\Users\USUARIO\OneDrive\NetBeansProjects\Sofi\src\LibreiasDownLoaded\librerias excel y progress bar\poi-ooxml-3.7-20101029.jar;C:\Users\USUARIO\OneDrive\NetBeansProjects\Sofi\src\LibreiasDownLoaded\librerias excel y progress bar\poi-ooxml-schemas-3.9.jar;C:\Users\USUARIO\OneDrive\NetBeansProjects\Sofi\src\LibreiasDownLoaded\librerias excel y progress bar\xmlbeans-2.3.0.jar;C:\Users\USUARIO\Documents\NetBeansProjects\librerias\javabar-20100506\javabar\javabar.jar;C:\Users\USUARIO\Documents\NetBeansProjects\librerias\hyperic-sigar-1.6.4(para ver infoCPU)\hyperic-sigar-1.6.4\sigar-bin\lib\sigar.jar;C:\Users\USUARIO\OneDrive\NetBeansProjects\Sofi\workbench\httpcomponents-client-4.5.3-bin\httpcomponents-client-4.5.3\lib\commons-codec-1.9.jar;C:\Users\USUARIO\OneDrive\NetBeansProjects\Sofi\workbench\httpcomponents-client-4.5.3-bin\httpcomponents-client-4.5.3\lib\commons-logging-1.2.jar;C:\Users\USUARIO\OneDrive\NetBeansProjects\Sofi\workbench\httpcomponents-client-4.5.3-bin\httpcomponents-client-4.5.3\lib\fluent-hc-4.5.3.jar;C:\Users\USUARIO\OneDrive\NetBeansProjects\Sofi\workbench\httpcomponents-client-4.5.3-bin\httpcomponents-c
Launcher Type: SUN_STANDARD

Environment Variables:
JAVA_HOME=C:\Program Files\Java\jdk1.8.0_144
JRE_HOME=C:\Program Files\Java\jre1.8.0_144
CLASSPATH=C:\Program Files\Java\jdk1.8.0_144\src.zip
PATH=C:\ProgramData\Oracle\Java\javapath;C:\Program Files (x86)\Intel\iCLS Client\;C:\Program Files\Intel\iCLS Client\;C:\WINDOWS\system32;C:\WINDOWS;C:\WINDOWS\System32\Wbem;C:\WINDOWS\System32\WindowsPowerShell\v1.0\;C:\Program Files (x86)\Intel\Intel(R) Management Engine Components\DAL;C:\Program Files\Intel\Intel(R) Management Engine Components\DAL;C:\Program Files (x86)\Intel\Intel(R) Management Engine Components\IPT;C:\Program Files\Intel\Intel(R) Management Engine Components\IPT;C:\Program Files (x86)\AMD\ATI.ACE\Core-Static;C:\Program Files\PuTTY\;C:\Program Files\Java\jdk1.8.0_144\bin;C:\Python27;c:\Python27\;c:\Python27\Scripts\;C:\Program Files\Microsoft SQL Server\120\Tools\Binn\;C:\Program Files (x86)\SSH Communications Security\SSH Secure Shell;C:\Users\USUARIO\AppData\Local\Microsoft\WindowsApps;
USERNAME=USUARIO
OS=Windows_NT
PROCESSOR_IDENTIFIER=Intel64 Family 6 Model 78 Stepping 3, GenuineIntel



---------------  S Y S T E M  ---------------

OS: Windows 10.0 , 64 bit Build 16299 (10.0.16299.15)

CPU:total 4 (initial active 4) (2 cores per cpu, 2 threads per core) family 6 model 78 stepping 3, cmov, cx8, fxsr, mmx, sse, sse2, sse3, ssse3, sse4.1, sse4.2, popcnt, avx, avx2, aes, clmul, erms, 3dnowpref, lzcnt, ht, tsc, tscinvbit, bmi1, bmi2, adx

Memory: 4k page, physical 8080840k(3381040k free), swap 16469448k(8226036k free)

vm_info: Java HotSpot(TM) 64-Bit Server VM (25.144-b01) for windows-amd64 JRE (1.8.0_144-b01), built on Jul 21 2017 21:57:33 by "java_re" with MS VC++ 10.0 (VS2010)

time: Mon Apr 23 22:52:37 2018
elapsed time: 22026 seconds (0d 6h 7m 6s)

